<?xml version="1.0"?>
<testsuite name="Chrome 80.0.3987 (Windows 10.0.0)" package="" timestamp="2020-02-03T14:39:11" id="0" hostname="LNOR061803" tests="15" errors="0" failures="0" time="0.213">
  <properties>
    <property name="browser.fullName" value="Mozilla/5.0 (Windows NT 10.0; Win64; x64) AppleWebKit/537.36 (KHTML, like Gecko) Chrome/80.0.3987.0 Safari/537.36"/>
  </properties>
  <testcase name="GetExpenseComponent should populate employee hierarchy" time="0.105" classname="Chrome_80_0_3987_(Windows_10_0_0).GetExpenseComponent"/>
  <testcase name="GetExpenseComponent should create" time="0.029" classname="Chrome_80_0_3987_(Windows_10_0_0).GetExpenseComponent"/>
  <testcase name="AppComponent should render title" time="0" classname="Chrome_80_0_3987_(Windows_10_0_0).AppComponent">
    <skipped/>
  </testcase>
  <testcase name="AppComponent should have as title 'expense-management'" time="0" classname="Chrome_80_0_3987_(Windows_10_0_0).AppComponent">
    <skipped/>
  </testcase>
  <testcase name="AppComponent should create the app" time="0" classname="Chrome_80_0_3987_(Windows_10_0_0).AppComponent">
    <skipped/>
  </testcase>
  <testcase name="Department should create an instance" time="0" classname="Chrome_80_0_3987_(Windows_10_0_0).Department">
    <skipped/>
  </testcase>
  <testcase name="Employee should create an instance" time="0" classname="Chrome_80_0_3987_(Windows_10_0_0).Employee">
    <skipped/>
  </testcase>
  <testcase name="Param should create an instance" time="0" classname="Chrome_80_0_3987_(Windows_10_0_0).Param">
    <skipped/>
  </testcase>
  <testcase name="Role should create an instance" time="0" classname="Chrome_80_0_3987_(Windows_10_0_0).Role">
    <skipped/>
  </testcase>
  <testcase name="ExpenseService should mock the http request" time="0.015" classname="Chrome_80_0_3987_(Windows_10_0_0).ExpenseService"/>
  <testcase name="ExpenseService should return error message for empty/invalid department code" time="0.012" classname="Chrome_80_0_3987_(Windows_10_0_0).ExpenseService"/>
  <testcase name="ExpenseService should return undefined for invalid employee code" time="0.013" classname="Chrome_80_0_3987_(Windows_10_0_0).ExpenseService"/>
  <testcase name="ExpenseService should calculate department/employee expense" time="0.018" classname="Chrome_80_0_3987_(Windows_10_0_0).ExpenseService"/>
  <testcase name="ExpenseService should return employee hierarchy" time="0.014" classname="Chrome_80_0_3987_(Windows_10_0_0).ExpenseService"/>
  <testcase name="ExpenseService should be created" time="0.007" classname="Chrome_80_0_3987_(Windows_10_0_0).ExpenseService"/>
  <system-out>
    <![CDATA[
]]>
  </system-out>
  <system-err/>
</testsuite>